SF:src/LilGuys.jl
DA:56,1
DA:57,1
LH:2
LF:2
end_of_record
SF:src/analytic_profiles.jl
DA:14,331
DA:51,14015
DA:52,14015
DA:53,7006
DA:56,7009
DA:57,4
DA:60,14010
DA:61,7005
DA:63,7005
DA:65,7005
DA:66,1
DA:69,7004
DA:71,13039
DA:73,7004
DA:77,2
DA:78,2
DA:79,2
DA:114,0
DA:115,0
DA:131,4000
DA:132,2006
DA:156,4008
DA:157,2008
DA:173,4000
DA:174,2000
DA:188,4000
DA:189,2004
DA:216,2003
DA:221,4006
DA:222,2003
DA:224,4006
DA:225,952
DA:228,4006
DA:229,0
DA:230,0
DA:233,4006
DA:234,0
DA:237,4006
DA:238,1
DA:239,1
DA:240,1
DA:241,4004
DA:242,2002
DA:244,0
DA:247,2003
DA:255,13871
DA:256,13871
DA:257,13871
DA:258,13871
DA:259,13871
DA:262,13871
DA:263,13871
DA:266,13994
DA:267,13994
DA:270,13994
DA:271,13994
DA:272,13994
DA:273,13994
DA:274,13994
DA:278,13
DA:279,13
DA:280,13
DA:281,13
DA:285,11
DA:286,11
DA:287,11
DA:288,11
DA:291,2
DA:292,2
DA:295,1
DA:296,1
DA:299,0
DA:300,0
DA:305,17986
DA:306,17986
DA:309,1
DA:310,1
DA:313,1
DA:314,1
DA:315,1
DA:319,3836
DA:320,3836
DA:321,3836
DA:323,3836
DA:324,7672
DA:328,14150
DA:329,14150
DA:330,14150
DA:331,14150
DA:334,0
DA:335,0
DA:347,0
DA:348,0
DA:352,0
DA:353,0
DA:354,0
DA:355,0
DA:359,0
DA:360,0
DA:361,0
DA:362,0
DA:363,0
DA:364,0
DA:367,0
DA:368,0
DA:369,0
DA:370,0
DA:373,0
DA:374,0
DA:379,14104
DA:380,14104
DA:381,14104
DA:382,14104
DA:383,14104
DA:387,16860
DA:388,16860
DA:389,16860
DA:392,2756
DA:393,2756
DA:394,2756
DA:395,2756
DA:396,2756
DA:397,5512
DA:400,25
DA:401,25
DA:402,25
DA:403,25
DA:406,0
DA:407,0
DA:415,13835
DA:416,13835
DA:417,1109
DA:419,12726
DA:420,12726
DA:421,12726
DA:422,12726
DA:423,12726
DA:431,1406
DA:432,1406
DA:433,430
DA:435,976
DA:436,0
DA:439,976
DA:440,976
DA:442,976
DA:443,1952
DA:444,976
DA:452,1
DA:453,1
DA:455,1
DA:459,1
DA:463,21
DA:464,21
DA:466,21
DA:467,21
DA:468,21
DA:470,21
DA:471,0
DA:474,21
DA:480,0
DA:481,0
DA:490,26
DA:491,26
DA:492,0
DA:495,26
DA:499,12
DA:500,12
DA:503,22
DA:504,3052
DA:507,66
DA:508,7064
DA:512,20
DA:513,27410
DA:514,20
DA:523,636
DA:524,936
DA:537,30
DA:538,96094
DA:539,30
DA:545,2
DA:546,2
DA:549,1
DA:550,1
DA:551,1
DA:552,21
DA:556,1
DA:557,1
DA:558,1
DA:559,17
DA:563,1
DA:564,1
DA:565,1
DA:566,13
DA:569,1
DA:570,1
DA:571,1
DA:572,11
DA:576,5
DA:577,5
DA:578,2
DA:580,3
DA:585,20
DA:586,1660
DA:588,10
DA:589,0
DA:591,10
DA:594,10
DA:596,10
DA:598,10
DA:609,0
DA:610,0
DA:611,0
DA:612,0
DA:614,0
DA:618,0
DA:620,0
LH:173
LF:216
end_of_record
SF:src/centres/Centres.jl
LH:0
LF:0
end_of_record
SF:src/centres/centre_fuzzy.jl
DA:30,0
DA:32,0
DA:33,0
DA:35,0
DA:36,0
DA:37,0
DA:39,0
DA:40,0
DA:41,0
DA:42,0
DA:43,0
DA:45,0
DA:46,0
DA:47,0
DA:48,0
DA:50,0
DA:51,0
DA:54,0
DA:55,0
DA:56,0
DA:57,0
DA:59,0
DA:61,0
DA:62,0
DA:66,0
DA:67,0
DA:68,0
DA:69,0
DA:70,0
DA:71,0
DA:75,0
DA:76,0
DA:77,0
DA:78,0
DA:79,0
DA:80,0
DA:81,0
DA:82,0
DA:83,0
DA:84,0
DA:90,0
DA:91,0
DA:92,0
DA:94,0
DA:96,0
DA:97,0
DA:98,0
DA:100,0
DA:101,0
DA:103,0
DA:104,0
DA:105,0
DA:106,0
DA:107,0
DA:109,0
DA:112,0
DA:113,0
DA:115,0
DA:131,0
DA:132,0
DA:133,0
DA:135,0
DA:136,0
DA:138,0
DA:139,0
DA:140,0
DA:142,0
DA:143,0
DA:145,0
DA:146,0
DA:147,0
DA:148,0
DA:149,0
DA:153,0
DA:154,0
DA:156,0
DA:157,0
DA:160,0
DA:161,0
DA:162,0
DA:163,0
LH:0
LF:81
end_of_record
SF:src/centres/centre_output.jl
DA:7,0
DA:9,0
DA:11,0
DA:13,0
DA:15,0
DA:16,0
DA:18,0
DA:20,0
DA:21,0
DA:22,0
DA:23,0
DA:24,0
DA:26,0
DA:27,0
DA:29,0
DA:30,0
DA:31,0
DA:34,0
DA:35,0
DA:36,0
DA:37,0
DA:39,0
DA:43,0
DA:45,0
DA:46,0
DA:48,0
DA:50,0
DA:61,0
DA:62,0
DA:63,0
DA:64,0
DA:69,0
DA:70,0
DA:74,0
DA:75,0
DA:76,0
DA:77,0
DA:79,0
DA:80,0
DA:81,0
DA:83,0
LH:0
LF:41
end_of_record
SF:src/centres/density_centres.jl
DA:1,0
DA:2,0
DA:3,0
DA:5,0
DA:6,0
DA:7,0
DA:10,0
DA:11,0
DA:13,0
DA:15,0
DA:16,0
DA:20,0
DA:21,0
DA:23,0
DA:24,0
DA:25,0
DA:26,0
LH:0
LF:17
end_of_record
SF:src/centres/shrinking_spheres.jl
DA:4,20
DA:5,10
DA:26,20
DA:29,20
DA:31,10
DA:32,10
DA:35,10
DA:36,10
DA:37,10
DA:38,10
DA:40,0
DA:43,10
DA:46,10
DA:47,10
DA:49,10
DA:51,10
DA:52,10
DA:54,10
DA:56,10
DA:61,2
DA:62,1
DA:76,2
DA:77,1
DA:78,1
DA:80,1
DA:89,1
DA:90,1
DA:91,1
DA:92,1
DA:94,2
DA:97,1
DA:100,2
DA:102,1
DA:104,1
DA:105,1
DA:106,1
DA:107,1
DA:110,2
DA:112,1
DA:113,1
DA:116,1
DA:118,1
DA:119,1
DA:124,0
DA:125,0
DA:130,1
DA:131,2
DA:133,1
DA:134,2
DA:135,1
DA:137,1
DA:169,2
DA:170,1
DA:171,1
DA:172,1
DA:178,2
DA:179,2
DA:180,2
DA:181,2
DA:183,2
DA:185,2
DA:186,2
DA:188,2
DA:189,4
DA:191,0
DA:194,2
DA:196,2
DA:198,2
DA:199,2
DA:200,2
DA:203,2
DA:204,1
DA:207,2
DA:209,4
DA:210,2
DA:214,0
DA:215,0
DA:216,0
DA:218,4
DA:219,0
DA:222,2
DA:224,2
DA:228,1
DA:229,1
DA:230,0
DA:231,1
DA:232,0
DA:233,2
DA:234,0
DA:235,1
DA:236,0
DA:237,1
DA:238,0
DA:243,2
DA:244,2
DA:245,2
DA:248,0
DA:249,0
DA:250,0
DA:251,0
DA:254,0
DA:255,0
DA:256,0
DA:257,0
DA:258,0
DA:260,0
DA:261,0
DA:262,0
DA:264,0
DA:269,1
DA:270,1
LH:85
LF:111
end_of_record
SF:src/centres/static_centres.jl
DA:11,11
DA:20,1
DA:21,1
DA:29,2
DA:30,1
DA:35,2
DA:36,1
DA:41,1
DA:42,1
DA:43,0
DA:44,1
DA:45,1
DA:47,1
DA:51,0
DA:52,0
DA:57,2
DA:58,2
DA:59,2
DA:60,2
DA:61,2
DA:62,2
DA:63,2
DA:64,2
DA:66,0
DA:67,0
DA:70,2
DA:79,4
DA:80,4
DA:84,2
DA:85,2
DA:92,8
DA:93,8
DA:94,8
DA:95,8
DA:96,8
DA:97,8
DA:98,1
DA:99,1
DA:101,21
DA:102,7
DA:105,8
DA:115,3
DA:116,3
DA:117,1
DA:119,1
DA:121,2
DA:122,2
DA:123,2
LH:43
LF:48
end_of_record
SF:src/coord_trans.jl
DA:5,0
DA:6,0
DA:10,0
DA:11,0
DA:21,2070
DA:22,1050
DA:27,0
DA:28,0
DA:32,293
DA:33,293
DA:36,613
DA:37,613
DA:42,20
DA:43,40
DA:47,10
DA:48,10
DA:53,11
DA:54,11
DA:57,21
DA:58,41
DA:62,20
DA:63,20
DA:66,20
DA:67,20
DA:70,20
DA:71,20
DA:79,60
DA:80,30
DA:84,100
DA:85,80
DA:90,581
DA:91,1162
DA:92,581
DA:93,581
DA:97,581
DA:98,1162
DA:99,581
DA:102,0
DA:103,0
DA:104,0
DA:107,1760
DA:108,1760
DA:109,880
DA:111,880
DA:116,0
DA:117,0
DA:119,0
DA:123,880
DA:124,1760
DA:125,1760
DA:127,880
DA:128,880
DA:130,880
DA:131,880
DA:132,880
DA:134,880
DA:140,581
DA:141,1162
DA:142,1162
DA:143,1162
DA:144,1162
DA:145,1162
DA:146,1162
DA:148,581
DA:153,581
DA:157,581
DA:160,581
DA:167,834
DA:168,834
DA:169,417
DA:173,40
DA:174,20
DA:177,874
DA:178,437
DA:179,437
DA:181,437
DA:184,717
DA:185,717
DA:186,717
DA:190,20
DA:191,20
DA:194,737
DA:195,737
DA:196,737
DA:198,737
DA:206,184
DA:207,92
DA:208,92
DA:211,304
DA:212,152
DA:213,152
DA:216,172
DA:217,172
DA:218,172
DA:220,172
DA:225,346
DA:226,173
DA:227,173
DA:229,173
DA:233,83
DA:234,166
DA:235,83
DA:239,153
DA:240,153
DA:241,153
DA:245,20
DA:246,20
DA:259,1220
DA:260,610
DA:262,610
DA:263,610
DA:265,1220
DA:267,610
DA:268,610
DA:272,1220
DA:273,610
DA:277,1220
DA:278,610
DA:279,610
DA:281,610
DA:282,610
DA:286,874
DA:287,437
DA:288,437
DA:292,346
DA:293,173
DA:296,874
DA:297,437
DA:302,1818
DA:303,909
DA:305,909
DA:306,909
DA:308,909
DA:309,1818
DA:310,909
DA:314,909
DA:315,909
DA:319,1818
DA:320,909
DA:321,909
DA:323,909
DA:324,909
DA:327,1474
DA:328,737
DA:331,172
DA:332,172
DA:335,737
DA:336,737
DA:341,1220
DA:342,1220
DA:343,1220
DA:344,1220
DA:346,1220
DA:351,1818
DA:352,1818
DA:353,1818
DA:354,1818
DA:356,1818
DA:361,1220
DA:362,1220
DA:363,1220
DA:368,1818
DA:369,1818
DA:370,1818
LH:152
LF:164
end_of_record
SF:src/coordinates.jl
DA:32,0
DA:33,0
DA:41,2661
DA:49,0
DA:50,0
DA:54,40837
DA:55,40837
DA:56,37188
DA:58,21328
DA:67,1090
DA:88,4
DA:90,4
DA:91,4
DA:95,21852
DA:96,21852
DA:97,18005
DA:99,11028
DA:104,3
DA:105,3
DA:160,934
DA:164,1808
DA:165,904
DA:166,904
DA:169,60
DA:170,30
DA:179,156
DA:183,312
DA:185,156
DA:186,156
DA:197,2130
DA:199,1065
DA:205,1256
DA:207,628
DA:210,2
DA:212,1
DA:216,102
DA:218,51
DA:222,1152
DA:223,576
DA:224,0
DA:226,576
DA:227,0
DA:229,576
DA:234,1
DA:235,1
DA:236,2
DA:237,2
DA:238,0
DA:239,0
DA:241,1
DA:242,0
DA:243,0
DA:246,2
DA:247,0
DA:248,0
DA:251,1
DA:263,1596
DA:269,1498
DA:270,1498
DA:272,1495
DA:276,101
DA:277,101
DA:278,101
DA:282,202
DA:283,101
DA:287,1492
DA:288,1492
DA:289,0
DA:291,1492
DA:292,0
DA:294,1492
DA:298,1822
DA:299,1822
DA:309,1526
DA:310,1526
DA:319,1524
DA:320,1524
DA:325,1
DA:326,1
DA:327,2
DA:329,2
DA:330,2
DA:332,1
DA:344,0
DA:345,0
DA:362,0
DA:363,0
DA:372,0
DA:373,0
DA:375,0
DA:377,0
DA:378,0
DA:379,0
DA:380,0
DA:382,0
DA:384,0
DA:388,0
DA:389,0
DA:391,0
DA:393,0
DA:395,0
DA:396,0
DA:397,0
DA:398,0
DA:400,0
DA:402,0
DA:412,0
DA:413,0
DA:414,0
DA:415,0
DA:417,0
DA:419,0
LH:69
LF:112
end_of_record
SF:src/density_2d.jl
DA:15,14
DA:16,7
DA:66,16
DA:76,8
DA:77,10028
DA:80,16
DA:81,1
DA:84,7
DA:85,1
DA:87,12
DA:88,12
DA:89,6
DA:90,6
DA:93,6
DA:94,12
DA:97,12
DA:99,6
DA:101,6
DA:102,1
DA:103,5
DA:104,1
DA:105,1
DA:106,1
DA:107,4
DA:108,3
DA:110,1
DA:113,5
DA:114,5
DA:115,5
DA:116,5
DA:117,5
DA:119,5
DA:120,10
DA:123,5
DA:146,5
DA:150,0
DA:156,0
DA:157,0
DA:158,0
DA:160,0
DA:161,0
DA:162,0
DA:164,0
DA:165,0
DA:166,0
DA:168,0
DA:169,0
DA:170,0
DA:171,0
DA:172,0
DA:173,0
DA:176,0
DA:177,0
DA:179,0
DA:183,2
DA:184,2
DA:187,4
DA:188,2
DA:189,2
DA:190,2
DA:192,2
DA:202,35
DA:203,35
DA:204,58
DA:205,35
DA:215,104
DA:216,104
DA:227,7
DA:228,14
DA:229,14
DA:231,14
DA:232,7
DA:241,0
DA:242,0
DA:243,0
DA:245,0
DA:246,0
DA:255,5
DA:256,5
DA:257,10
DA:259,5
DA:268,7
DA:269,14
DA:270,14
DA:271,14
DA:272,7
DA:279,5
DA:280,10
DA:281,9
DA:282,5
DA:295,10
DA:299,5
DA:301,5
DA:303,5
DA:306,5
DA:307,2
DA:308,3
DA:309,1
DA:310,2
DA:311,2
DA:313,0
DA:316,5
DA:320,2
DA:321,1
DA:322,1
DA:323,1
DA:324,1
DA:328,0
DA:329,0
DA:341,1012
DA:342,1012
DA:344,1012
DA:345,1008
DA:357,1019
DA:358,1031
DA:360,2034
DA:361,6
DA:365,1013
DA:366,1021
DA:367,1021
DA:370,1025
DA:371,1025
DA:373,1013
DA:377,103
DA:378,103
DA:379,103
DA:380,103
DA:381,103
DA:392,22
DA:393,22
DA:394,1
DA:397,13
DA:398,13
DA:399,12
DA:401,1
DA:404,13
DA:405,13
DA:406,1
DA:408,12
DA:423,12
DA:424,12
DA:425,6
DA:426,3
DA:427,2
DA:429,1
DA:432,8
DA:445,14002
DA:447,14002
DA:448,14002
DA:449,14002
DA:450,14002
DA:452,14002
DA:453,28004
DA:454,16000
DA:456,14002
DA:458,14002
DA:463,14000
DA:464,14000
DA:465,14000
DA:469,0
DA:470,0
LH:132
LF:161
end_of_record
SF:src/density_3d.jl
DA:10,2
DA:11,1
DA:72,0
DA:73,0
DA:76,0
DA:77,0
DA:78,0
DA:90,2
DA:96,1
DA:97,1
DA:98,1
DA:101,1
DA:102,1
DA:103,0
DA:106,1
DA:108,2
DA:109,1
DA:110,1
DA:112,0
DA:113,0
DA:116,1
DA:118,2
DA:120,1
DA:121,1
DA:122,1
DA:123,1
DA:125,1
DA:127,1
DA:128,1
DA:129,1
DA:130,1
DA:132,1
DA:133,1
DA:135,1
DA:136,1
DA:138,1
DA:139,1
DA:140,1
DA:141,1
DA:142,1
DA:144,1
DA:145,1
DA:146,1
DA:148,2
DA:150,1
DA:183,5
DA:184,5
DA:185,2
DA:188,6
DA:189,3
DA:199,0
DA:200,0
DA:208,12
DA:210,12
DA:211,6
DA:213,12
DA:214,12
DA:217,12
DA:220,12
DA:223,6
DA:225,6
DA:236,2
DA:237,1
DA:238,1
DA:240,1
DA:241,1
DA:243,1
DA:244,1
DA:247,1
DA:248,1
DA:249,1
DA:250,1
DA:252,2
DA:253,1
DA:254,1
DA:255,1
DA:257,1
DA:270,12
DA:271,6
DA:272,642
DA:273,12
DA:276,6
DA:277,1
DA:278,5
DA:279,1
DA:283,4
DA:285,0
DA:287,12
DA:288,1
DA:289,1
DA:291,3
DA:292,3
DA:293,3
DA:295,0
DA:296,0
DA:301,4
DA:302,1
DA:303,101
DA:304,1
DA:305,1
DA:306,1
DA:307,1
DA:309,3
DA:310,3
DA:311,3
DA:312,3
DA:315,4
DA:331,0
DA:332,0
DA:333,0
DA:348,135
DA:349,135
DA:351,261
DA:352,135
DA:353,135
DA:363,0
DA:364,0
DA:365,0
DA:367,0
DA:368,0
DA:369,0
DA:370,0
DA:372,0
DA:381,11
DA:382,11
DA:383,11
DA:384,11
LH:103
LF:127
end_of_record
SF:src/density_3d_star.jl
DA:37,0
DA:38,0
DA:40,0
DA:41,0
DA:42,0
DA:43,0
DA:45,0
DA:46,0
DA:48,0
DA:49,0
DA:50,0
DA:51,0
DA:52,0
DA:53,0
DA:56,0
DA:57,0
DA:58,0
DA:59,0
DA:61,0
DA:62,0
DA:65,0
DA:66,0
DA:68,0
DA:69,0
DA:70,0
DA:72,0
DA:73,0
DA:74,0
DA:92,0
DA:94,0
DA:115,0
DA:116,0
DA:117,0
DA:119,0
DA:130,0
DA:131,0
DA:132,0
DA:133,0
DA:134,0
DA:135,0
DA:146,0
DA:147,0
DA:149,0
DA:150,0
DA:152,0
DA:154,0
DA:170,0
DA:171,0
LH:0
LF:48
end_of_record
SF:src/extra.jl
DA:2,0
DA:3,0
DA:4,0
DA:5,0
DA:6,0
DA:7,0
DA:8,0
DA:10,0
DA:12,0
DA:13,0
DA:15,0
DA:25,0
DA:26,0
DA:27,0
DA:30,0
DA:31,0
DA:34,0
DA:35,0
DA:36,0
DA:40,0
DA:42,0
DA:44,0
DA:45,0
DA:46,0
DA:47,0
DA:49,0
DA:52,0
DA:54,0
LH:0
LF:28
end_of_record
SF:src/gravity.jl
DA:7,2
DA:21,8
DA:23,8
DA:24,2
DA:27,2
DA:28,2
DA:29,2
DA:30,2
DA:32,4
DA:34,2
DA:35,0
DA:37,2
DA:39,2
DA:40,2
DA:47,202
DA:48,403
DA:49,2
DA:52,442640
DA:53,200
DA:55,200
DA:64,4
DA:66,4
DA:67,4
DA:68,4
DA:70,4
DA:71,8
DA:73,20005
DA:75,4
DA:76,20001
DA:77,39998
DA:78,4
DA:80,20029
DA:84,4
DA:85,4
DA:86,4
DA:90,4
DA:91,4
DA:95,10025
DA:96,10025
DA:97,2
DA:99,10023
DA:100,20045
DA:101,10023
DA:102,10023
DA:119,4
DA:121,4
DA:122,4
DA:123,4
DA:125,8
DA:127,8
DA:130,8
DA:131,4
DA:132,4
DA:134,8
DA:136,8
DA:137,4
DA:141,0
DA:142,0
DA:143,0
DA:147,4
DA:148,4
DA:158,18
DA:159,18
DA:162,4
DA:163,4
DA:165,4
DA:166,4
DA:167,203
DA:168,203
DA:169,203
DA:171,203
DA:172,402
DA:174,4
DA:183,226
DA:184,451
DA:185,226
DA:196,20231
DA:197,20231
DA:206,100849745
DA:207,100849745
DA:208,3
DA:210,100849742
DA:220,3
DA:221,6
DA:222,3
DA:223,6
DA:224,6
DA:225,3
DA:226,3
DA:231,0
DA:232,0
DA:243,9
DA:244,9
DA:245,3
DA:247,6
LH:89
LF:95
end_of_record
SF:src/interface.jl
DA:45,696
DA:46,348
DA:47,348
DA:48,0
DA:51,348
DA:62,31
DA:65,15
DA:66,2
DA:68,15
DA:69,3
DA:70,3
DA:73,15
DA:74,15
DA:76,15
DA:80,18
DA:81,18
DA:82,18
DA:83,9
DA:84,9
DA:86,18
DA:88,1920
DA:89,0
DA:92,18
DA:100,3
DA:101,3
DA:110,6
DA:111,3
DA:112,3
DA:113,3
DA:116,3
DA:117,3
DA:118,3
DA:120,3
DA:130,0
DA:131,0
DA:133,0
DA:134,0
DA:135,0
DA:138,0
DA:139,0
DA:141,0
DA:143,0
DA:144,0
DA:145,0
DA:154,0
DA:155,0
DA:157,0
DA:158,0
DA:160,0
DA:161,0
DA:165,0
DA:166,0
DA:168,0
DA:169,0
DA:170,0
DA:172,0
DA:173,0
DA:174,0
DA:175,0
DA:176,0
DA:177,0
DA:178,0
DA:180,0
DA:189,3
DA:190,3
DA:192,6
DA:193,6
DA:194,3
DA:198,2
DA:199,2
DA:201,1
DA:202,1
DA:211,136
DA:212,68
DA:220,0
DA:221,0
DA:230,28
DA:231,18
DA:239,0
DA:240,0
DA:250,17
DA:251,29
DA:259,0
DA:260,0
DA:261,0
DA:278,7
DA:279,7
DA:283,0
DA:284,0
DA:285,0
DA:287,0
LH:48
LF:91
end_of_record
SF:src/io.jl
DA:13,2
DA:14,1
DA:15,1
DA:16,1
DA:19,1
DA:28,4
DA:32,2
DA:33,0
DA:35,2
DA:37,2
DA:38,2
DA:40,1
DA:41,1
DA:43,0
DA:48,1
DA:49,1
DA:52,1
DA:53,0
DA:64,2
DA:65,2
DA:67,1
DA:68,1
DA:69,4
DA:70,0
DA:73,4
DA:75,4
DA:76,4
DA:79,1
DA:89,2
DA:90,1
DA:91,0
DA:92,1
DA:93,0
DA:96,1
DA:97,4
DA:99,4
DA:100,0
DA:103,8
DA:104,4
DA:111,2
DA:112,2
DA:114,2
DA:124,5
DA:125,5
DA:126,5
DA:128,5
DA:129,10
DA:130,35
DA:131,35
DA:140,35
DA:141,70
DA:142,35
DA:152,23
DA:153,43
DA:162,178
DA:163,89
DA:164,0
DA:166,89
DA:177,27
DA:178,27
DA:186,2
DA:188,1
DA:189,1
DA:192,1
DA:193,1
DA:194,2
DA:195,2
DA:210,1
DA:211,1
DA:213,1
DA:214,1
DA:215,2
DA:216,2
DA:217,2
DA:220,1
DA:230,0
DA:231,0
DA:232,0
DA:235,0
DA:236,0
DA:242,4
DA:243,3
DA:244,2
DA:247,2
DA:248,8
DA:249,14
DA:250,8
DA:262,0
DA:263,0
DA:264,0
DA:265,0
DA:268,0
DA:272,4
DA:273,2
DA:274,2
DA:275,8
DA:276,0
DA:278,8
DA:279,8
DA:280,8
DA:282,2
LH:82
LF:101
end_of_record
SF:src/nfw.jl
DA:21,16853
DA:26,8490
DA:27,4366
DA:28,21221
DA:30,8490
DA:31,12788
DA:32,2
DA:34,16734
DA:36,8485
DA:37,4113
DA:38,130
DA:39,119
DA:40,238
DA:41,21
DA:42,1
DA:43,2
DA:44,1
DA:45,19
DA:46,7
DA:47,7
DA:49,3
DA:52,4240
DA:53,120
DA:56,4240
DA:60,119
DA:61,119
DA:62,119
DA:63,238
DA:64,119
DA:67,7
DA:68,7
DA:69,7
DA:70,7
DA:74,3
DA:75,1
DA:76,1
DA:78,2
DA:79,1
DA:102,22595
DA:103,22595
DA:104,22595
DA:105,22595
DA:108,22595
DA:109,22595
DA:110,22595
DA:111,22595
DA:115,17517
DA:116,17517
DA:117,35030
DA:128,20031
DA:129,20031
DA:130,5
DA:131,20026
DA:132,2
DA:134,20024
DA:138,10107
DA:139,10107
DA:140,10107
DA:142,10107
DA:143,1
DA:144,10106
DA:145,1
DA:146,10105
DA:147,1
DA:150,10104
DA:154,118
DA:155,118
DA:156,235
DA:158,118
DA:162,122
DA:163,122
DA:171,240
DA:172,14106
DA:173,120
DA:175,240
DA:176,0
DA:179,120
DA:183,0
DA:184,0
DA:191,6993
DA:192,13986
DA:199,2
DA:200,2
DA:204,4
DA:205,5
DA:209,121
DA:210,121
DA:224,2005
DA:231,4010
DA:232,2005
DA:234,2005
DA:235,0
DA:236,2005
DA:237,3
DA:238,2002
DA:241,0
DA:244,2005
DA:248,12493
DA:249,24986
DA:250,12493
DA:253,429
DA:254,429
DA:255,429
DA:256,429
DA:257,429
DA:261,3
DA:262,3
DA:263,3
DA:265,3
DA:269,10
DA:270,10
DA:272,10
DA:273,10
DA:274,10
DA:275,10
DA:277,10
LH:111
LF:116
end_of_record
SF:src/output.jl
DA:4,2
DA:5,1
DA:28,0
DA:29,0
DA:34,1
DA:35,1
DA:36,0
DA:37,1
DA:38,2
DA:39,0
DA:40,1
DA:41,1
DA:43,0
DA:53,2
DA:55,1
DA:57,1
DA:58,1
DA:59,4
DA:61,1
DA:62,1
DA:63,1
DA:65,1
DA:66,3
DA:67,3
DA:68,0
DA:70,3
DA:71,3
DA:72,3
DA:74,1
DA:75,0
DA:77,1
DA:80,1
DA:81,0
DA:83,1
DA:86,1
DA:87,1
DA:91,5
DA:92,5
DA:93,5
DA:96,0
DA:99,17
DA:100,17
DA:101,51
DA:102,51
DA:103,17
DA:105,17
DA:106,0
DA:107,0
DA:110,0
DA:111,0
DA:113,0
DA:116,0
DA:120,17
DA:124,0
DA:125,0
DA:126,0
DA:127,0
DA:129,0
DA:138,0
DA:139,0
DA:140,0
DA:141,0
DA:142,0
DA:151,0
DA:152,0
DA:153,0
DA:154,0
DA:155,0
DA:172,0
DA:173,0
DA:174,0
DA:176,0
DA:177,0
DA:178,0
DA:179,0
DA:180,0
DA:181,0
DA:183,0
DA:184,0
DA:185,0
DA:201,2
DA:202,1
DA:203,1
DA:205,1
DA:206,3
DA:207,6
DA:208,3
DA:209,3
DA:210,0
DA:212,3
DA:213,5
DA:214,1
DA:219,3
DA:220,1
DA:221,1
DA:222,0
DA:223,0
DA:225,1
DA:226,1
DA:227,1
DA:229,1
DA:230,1
DA:231,3
DA:232,6
DA:233,3
DA:235,3
DA:236,3
DA:237,6
DA:238,9
DA:239,5
DA:241,1
DA:245,3
DA:246,1
DA:247,1
DA:248,0
DA:249,0
DA:251,1
DA:252,1
DA:253,1
DA:255,1
DA:256,3
DA:257,6
DA:258,3
DA:260,3
DA:261,3
DA:262,12
DA:263,6
DA:264,5
DA:266,1
DA:277,2
DA:279,1
DA:281,1
DA:282,1
DA:283,1
DA:284,1
DA:285,0
DA:288,1
DA:289,1
DA:290,2
DA:291,0
DA:294,2
DA:295,2
DA:297,2
DA:299,2
DA:300,4
DA:301,4
DA:302,3
DA:304,1
DA:305,0
DA:308,1
DA:313,0
DA:314,0
DA:315,0
DA:319,0
DA:320,0
DA:321,0
LH:100
LF:156
end_of_record
SF:src/physics.jl
DA:9,276
DA:10,276
DA:11,1
DA:13,275
DA:17,14865
DA:18,14865
DA:22,14866
DA:23,14866
DA:24,1
DA:26,14865
DA:30,14865
DA:31,29730
DA:32,14865
DA:36,275
DA:37,549
DA:38,275
DA:49,60
DA:50,32
DA:51,16
DA:53,20
DA:59,0
DA:60,0
DA:65,1
DA:66,1
DA:67,1
DA:69,2
DA:70,2
DA:71,2
DA:73,1
DA:74,1
DA:75,1
DA:85,30
DA:86,45
DA:87,15
DA:96,1
DA:97,1
DA:110,2
DA:111,2
DA:121,13
DA:122,26
DA:123,0
DA:124,0
DA:126,13
DA:128,13
DA:140,0
DA:141,0
DA:150,1
DA:151,1
DA:160,0
DA:161,0
DA:162,0
DA:164,0
DA:166,0
DA:181,30003
DA:182,30003
DA:186,1
DA:187,1
DA:191,1
DA:192,2
DA:193,0
DA:195,1
DA:196,0
DA:199,1
DA:201,1
DA:202,3
DA:203,5
DA:205,1
DA:216,2
DA:217,6
DA:218,2
DA:219,90009
DA:220,60004
DA:222,2
DA:232,340
DA:233,679
DA:234,2
DA:235,338
DA:236,1
DA:238,337
DA:247,13
DA:248,13
LH:68
LF:81
end_of_record
SF:src/plots.jl
DA:35,0
DA:38,0
DA:39,0
DA:41,0
DA:42,0
DA:43,0
DA:44,0
DA:46,0
DA:47,0
DA:50,0
DA:52,0
DA:54,0
DA:57,0
DA:58,0
DA:59,0
DA:61,0
DA:63,0
DA:64,0
DA:65,0
DA:66,0
DA:68,0
DA:69,0
DA:70,0
DA:71,0
DA:73,0
DA:74,0
DA:77,0
DA:87,0
DA:89,0
DA:90,0
DA:91,0
DA:92,0
DA:93,0
DA:94,0
DA:96,0
DA:99,0
DA:100,0
DA:101,0
DA:103,0
DA:104,0
DA:105,0
DA:106,0
DA:109,0
DA:119,0
DA:122,0
DA:123,0
DA:124,0
DA:125,0
DA:127,0
DA:131,0
DA:132,0
DA:134,0
DA:137,0
DA:142,0
DA:150,0
DA:151,0
DA:153,0
DA:154,0
DA:155,0
DA:157,0
DA:158,0
DA:160,0
DA:161,0
DA:163,0
DA:166,0
DA:177,0
DA:178,0
DA:185,0
DA:194,0
DA:195,0
DA:202,0
DA:212,0
DA:213,0
DA:219,0
DA:229,0
DA:230,0
DA:237,0
DA:247,0
DA:248,0
DA:249,0
LH:0
LF:80
end_of_record
SF:src/project.jl
DA:19,4
DA:25,2
DA:27,2
DA:28,0
DA:30,2
DA:32,2
DA:34,2
DA:35,0
DA:36,0
DA:37,0
DA:40,2
DA:41,0
DA:44,2
DA:46,2
DA:47,2
DA:49,2
DA:50,2
DA:52,2
DA:53,2
DA:56,2
DA:57,1
DA:58,1
DA:59,1
DA:60,1
DA:62,1
DA:65,4
DA:66,2
DA:69,2
DA:70,0
DA:71,0
DA:72,0
DA:75,2
DA:78,0
DA:79,0
DA:81,0
DA:82,0
DA:85,0
DA:86,0
DA:87,0
DA:89,0
DA:90,0
DA:91,0
DA:93,0
DA:94,0
DA:95,0
DA:97,0
DA:99,0
DA:101,0
DA:115,8
DA:120,4
DA:122,4
DA:123,400
DA:124,0
DA:127,1200
DA:128,1200
DA:129,400
DA:130,400
DA:131,796
DA:134,4
DA:146,804
DA:147,402
DA:148,0
DA:151,402
DA:152,402
DA:153,402
DA:162,3
DA:163,3
DA:164,3
DA:165,3
DA:166,21
DA:168,21
DA:169,24
DA:171,3
DA:173,24
DA:175,3
LH:49
LF:75
end_of_record
SF:src/scaling_relations.jl
DA:15,0
DA:16,0
DA:17,0
DA:18,0
DA:31,0
DA:32,0
DA:33,0
DA:34,0
DA:35,0
DA:55,2124
DA:56,1180
DA:58,472
DA:59,236
DA:61,354
DA:62,118
DA:64,118
DA:65,236
DA:66,236
DA:67,118
DA:68,472
DA:69,118
DA:71,118
DA:80,118
DA:81,118
DA:82,118
DA:83,118
DA:84,118
DA:85,118
DA:98,4
DA:99,2
DA:101,118
DA:103,2
DA:104,2
DA:115,6
DA:116,2
DA:117,2
LH:27
LF:36
end_of_record
SF:src/snapshot.jl
DA:24,104
DA:25,52
DA:79,0
DA:80,0
DA:81,0
DA:82,0
DA:91,18
DA:92,18
DA:93,36
DA:94,0
DA:97,18
DA:98,10
DA:100,8
DA:101,8
DA:102,0
DA:106,18
DA:107,320428
DA:108,18
DA:121,2
DA:122,2
DA:124,0
DA:126,2
DA:127,2
DA:128,2
DA:130,0
DA:131,0
DA:132,0
DA:133,0
DA:134,0
DA:136,0
DA:139,2
DA:148,38
DA:149,19
DA:151,38
DA:152,481
DA:153,80
DA:155,247
DA:157,38
DA:158,19
DA:159,19
DA:160,19
DA:162,36
DA:163,4
DA:166,19
DA:168,19
DA:172,0
DA:173,0
DA:177,23
DA:178,23
DA:184,6
DA:185,6
DA:186,6
DA:187,6
DA:188,6
DA:189,6
DA:190,6
DA:192,6
DA:193,48
DA:194,12
DA:195,113
DA:196,13
DA:197,70
DA:198,17
DA:199,6
DA:200,6
DA:201,4
DA:203,2
DA:206,0
DA:208,48
DA:210,6
DA:216,9
DA:217,9
DA:221,27
DA:222,27
DA:233,8
DA:234,4
DA:235,4
DA:236,0
DA:237,0
DA:238,0
DA:240,4
DA:243,4
DA:248,0
DA:249,0
DA:254,4
DA:255,4
DA:257,4
DA:259,8
DA:260,28
DA:261,28
DA:268,56
DA:269,28
DA:270,28
DA:272,56
DA:273,4
DA:276,28
DA:278,27
DA:279,18
DA:285,0
DA:286,0
DA:287,0
DA:297,27
DA:299,27
DA:315,4
DA:316,4
DA:317,1
DA:319,3
DA:322,4
DA:323,0
DA:333,0
DA:334,0
DA:352,0
DA:353,0
DA:354,0
DA:355,0
DA:357,0
DA:359,0
DA:360,0
DA:361,0
DA:363,0
DA:364,0
DA:367,0
DA:368,0
DA:372,0
DA:373,0
DA:376,0
DA:386,0
DA:387,0
DA:388,0
DA:391,0
DA:393,0
DA:394,0
DA:396,0
DA:399,0
DA:401,0
DA:402,0
LH:84
LF:136
end_of_record
SF:src/spherical.jl
DA:11,730
DA:12,730
DA:13,730
DA:14,300
DA:15,300
DA:17,730
DA:22,108
DA:23,216
DA:24,216
DA:26,108
DA:27,430
DA:28,752
DA:30,108
DA:35,730
DA:36,730
DA:38,730
DA:39,730
DA:41,730
DA:42,730
DA:43,730
DA:54,5928
DA:55,5928
DA:56,5928
DA:58,5928
DA:59,5928
DA:60,5928
DA:70,1448
DA:71,1448
DA:72,1448
DA:73,1448
DA:74,1462
DA:78,14116
DA:79,28226
DA:80,28226
DA:81,28225
DA:82,14116
DA:91,15556
DA:92,29659
DA:93,29659
DA:95,31109
DA:96,29659
DA:98,15556
DA:102,101
DA:103,101
DA:104,101
DA:107,560
DA:108,560
DA:109,560
DA:117,581
DA:118,581
DA:127,661
DA:128,661
DA:129,661
DA:131,661
DA:132,862
DA:134,661
DA:136,661
DA:146,17156
DA:147,17156
DA:148,17156
DA:149,17156
DA:161,20294
DA:162,20294
DA:163,20294
DA:164,20294
DA:175,17257
DA:176,17257
DA:177,17257
DA:179,17257
LH:69
LF:69
end_of_record
SF:src/units.jl
DA:47,6
DA:48,6
DA:55,6
DA:56,6
DA:63,3
DA:64,3
LH:6
LF:6
end_of_record
SF:src/utils.jl
DA:10,57
DA:15,6
DA:16,6
DA:19,3
DA:20,3
DA:24,8148
DA:25,16293
DA:26,0
DA:28,8148
DA:31,0
DA:32,222
DA:33,13
DA:39,3
DA:40,3
DA:47,14007
DA:48,14007
DA:58,2
DA:59,2
DA:68,8
DA:70,16
DA:71,8
DA:73,8
DA:87,25
DA:88,25
DA:89,25
DA:90,25
DA:92,50
DA:94,25
DA:95,25
DA:96,25
DA:97,58346
DA:98,58346
DA:100,58346
DA:101,58346
DA:102,58346
DA:103,116667
DA:104,25
DA:113,16
DA:114,16
DA:115,16
DA:125,8
DA:130,494450
DA:131,494450
DA:132,494450
DA:134,494450
DA:135,3
DA:137,494447
DA:138,29787
DA:139,464660
DA:140,1
DA:142,464659
DA:143,464659
DA:144,1
DA:145,464658
DA:146,0
DA:147,464658
DA:148,464658
DA:149,464658
DA:150,464658
DA:152,0
DA:161,8
DA:162,8
DA:163,0
DA:165,16
DA:166,15
DA:167,8
DA:168,15
DA:170,8
DA:175,7000
DA:176,7000
DA:177,7000
DA:181,7000
DA:182,7000
DA:185,6000
DA:186,6000
DA:189,6000
DA:190,6000
DA:191,6000
DA:203,103
DA:204,103
DA:216,0
DA:217,0
DA:227,35
DA:228,35
DA:229,35
DA:234,36
DA:235,36
DA:236,68
DA:237,72
DA:238,36
DA:247,10
DA:248,10
DA:249,10
DA:250,10
DA:255,19
DA:256,19
DA:257,19
DA:258,3
DA:260,16
DA:261,30
DA:262,32
DA:263,16
DA:264,16
DA:276,8
DA:277,4
DA:278,1
DA:281,5
DA:282,4
DA:284,4
DA:285,0
DA:287,4
DA:288,0
DA:292,4
DA:293,4
DA:295,8
DA:297,8
DA:298,4
DA:307,2
DA:308,1
DA:309,0
DA:312,1
DA:313,1
DA:315,1
DA:316,0
DA:318,1
DA:319,0
DA:323,1
DA:324,1
DA:325,1
DA:327,2
DA:329,2
DA:330,1
DA:341,1043
DA:342,0
DA:350,6
DA:351,6
DA:352,0
LH:123
LF:137
end_of_record
